2022-09-24 18:30:18,386 | INFO | ulauncher: main() | Ulauncher version 5.15.0
2022-09-24 18:30:18,386 | INFO | ulauncher: main() | Extension API version 2.0.0
2022-09-24 18:30:18,386 | INFO | ulauncher: main() | GTK+ 3.24.34
2022-09-24 18:30:18,386 | INFO | ulauncher: main() | Is Wayland: False
2022-09-24 18:30:18,386 | INFO | ulauncher: main() | Wayland compatibility: off
2022-09-24 18:30:18,421 | DEBUG | ulauncher.ui.windows.Builder: __init__() | consider using a pythonic name instead of design name 'input-box'
2022-09-24 18:30:18,426 | DEBUG | ulauncher.ui.windows.Builder: do_connect() | connect builder by name 'ulauncher_window','destroy', 'on_destroy'
2022-09-24 18:30:18,426 | DEBUG | ulauncher.ui.windows.Builder: do_connect() | connect builder by name 'ulauncher_window','focus_in_event', 'on_focus_in_event'
2022-09-24 18:30:18,426 | DEBUG | ulauncher.ui.windows.Builder: do_connect() | connect builder by name 'ulauncher_window','focus_out_event', 'on_focus_out_event'
2022-09-24 18:30:18,428 | DEBUG | ulauncher.ui.windows.Builder: do_connect() | connect builder by name 'input','key_press_event', 'on_input_key_press_event'
2022-09-24 18:30:18,429 | DEBUG | ulauncher.ui.windows.Builder: log_unconnected_functions() | Not connected to builder 'on_input_changed'
2022-09-24 18:30:18,429 | DEBUG | ulauncher.ui.windows.Builder: log_unconnected_functions() | Not connected to builder 'on_mnu_about_activate'
2022-09-24 18:30:18,429 | DEBUG | ulauncher.ui.windows.Builder: log_unconnected_functions() | Not connected to builder 'on_mnu_close_activate'
2022-09-24 18:30:18,429 | DEBUG | ulauncher.ui.windows.Builder: log_unconnected_functions() | Not connected to builder 'on_mnu_preferences_activate'
2022-09-24 18:30:18,429 | DEBUG | ulauncher.ui.windows.Builder: log_unconnected_functions() | Not connected to builder 'on_preferences_dialog_destroyed'
2022-09-24 18:30:18,431 | DEBUG | ulauncher.utils.display: get_screens() | Found 1 monitor(s)
2022-09-24 18:30:18,431 | DEBUG | ulauncher.utils.display: get_screens() |   Monitor 0 - X: 0, Y: 0, W: 1366, H: 768
2022-09-24 18:30:18,488 | DEBUG | ulauncher.ui.windows.UlauncherWindow: show_results() | render 0 results
2022-09-24 18:30:18,492 | INFO | ulauncher.search.apps.app_watcher: start() | Started scanning desktop dirs
2022-09-24 18:30:18,492 | INFO | ulauncher.api.server.ExtensionServer: _start_thread() | Starting WS server on port 5054
2022-09-24 18:30:18,514 | INFO | ulauncher.api.server.ExtensionRunner: _run_process() | Extension "com.github.ulauncher.ulauncher-emoji" started. PID 1696
2022-09-24 18:30:18,521 | INFO | ulauncher.ui.windows.UlauncherWindow: bind_show_app_hotkey() | Trying to bind app hotkey: <Primary><Shift>space
2022-09-24 18:30:18,531 | INFO | ulauncher.utils.desktop.reader: find_apps_cached() | Found 68 apps in cache
2022-09-24 18:30:18,533 | INFO | ulauncher.utils.desktop.reader: read_desktop_file() | Could not read "/home/shasherazi/.local/share/applications/userapp-Evolution-1L2YR1.desktop": constructor returned NULL
2022-09-24 18:30:18,534 | INFO | ulauncher.utils.desktop.reader: read_desktop_file() | Could not read "/usr/share/applications/kcm_trash.desktop": constructor returned NULL
2022-09-24 18:30:18,535 | INFO | ulauncher.utils.desktop.reader: read_desktop_file() | Could not read "/usr/share/applications/org.kde.kded5.desktop": constructor returned NULL
2022-09-24 18:30:18,562 | INFO | ulauncher.utils.desktop.reader: read_desktop_file() | Could not read "/usr/share/applications/evolution-calendar.desktop": constructor returned NULL
2022-09-24 18:30:18,568 | INFO | ulauncher.utils.desktop.reader: find_apps_cached() | Found 68 apps in the system
2022-09-24 18:30:18,569 | INFO | ulauncher.search.apps.app_watcher: start() | Scanned desktop dirs in 0.08 seconds
2022-09-24 18:30:18,593 | DEBUG | ulauncher.search.apps.app_watcher: start() | Start watching desktop files...
2022-09-24 18:30:18,994 | INFO | ulauncher.api.server.ExtensionController: handleConnected() | Extension "com.github.ulauncher.ulauncher-emoji" connected
2022-09-24 18:30:18,995 | DEBUG | ulauncher.api.server.ExtensionController: _send_event() | Send event PreferencesEvent to "com.github.ulauncher.ulauncher-emoji"
2022-09-25 14:05:07,072 | DEBUG | ulauncher.utils.display: get_screens() | Found 1 monitor(s)
2022-09-25 14:05:07,073 | DEBUG | ulauncher.utils.display: get_screens() |   Monitor 0 - X: 0, Y: 0, W: 1366, H: 768
2022-09-25 14:05:07,100 | DEBUG | ulauncher.ui.windows.UlauncherWindow: show_results() | render 2 results
2022-09-25 14:05:07,691 | INFO | ulauncher.utils.image_loader: get_app_icon_pixbuf() | Could not load icon for hwloc. E: gtk-icon-theme-error-quark: Icon 'hwloc' not present in theme WhiteSur-dark (0)
2022-09-25 14:05:07,766 | DEBUG | ulauncher.ui.windows.UlauncherWindow: show_results() | render 9 results
2022-09-25 14:05:07,769 | DEBUG | ulauncher.ui.windows.UlauncherWindow: show_results() | render 4 results
2022-09-25 14:05:07,847 | DEBUG | ulauncher.api.server.ExtensionController: _send_event() | Send event KeywordQueryEvent to "com.github.ulauncher.ulauncher-emoji"
2022-09-25 14:05:07,860 | DEBUG | ulauncher.api.server.ExtensionController: handleMessage() | Incoming response (KeywordQueryEvent, RenderResultListAction) from "com.github.ulauncher.ulauncher-emoji"
2022-09-25 14:05:07,868 | DEBUG | ulauncher.ui.windows.UlauncherWindow: show_results() | render 1 results
2022-09-25 14:05:08,173 | DEBUG | ulauncher.api.server.ExtensionController: _send_event() | Send event KeywordQueryEvent to "com.github.ulauncher.ulauncher-emoji"
2022-09-25 14:05:08,272 | DEBUG | ulauncher.api.server.ExtensionController: handleMessage() | Incoming response (KeywordQueryEvent, RenderResultListAction) from "com.github.ulauncher.ulauncher-emoji"
2022-09-25 14:05:08,313 | DEBUG | ulauncher.ui.windows.UlauncherWindow: show_results() | render 8 results
2022-09-25 14:05:08,406 | DEBUG | ulauncher.api.server.ExtensionController: _send_event() | Send event KeywordQueryEvent to "com.github.ulauncher.ulauncher-emoji"
2022-09-25 14:05:08,484 | DEBUG | ulauncher.api.server.ExtensionController: handleMessage() | Incoming response (KeywordQueryEvent, RenderResultListAction) from "com.github.ulauncher.ulauncher-emoji"
2022-09-25 14:05:08,521 | DEBUG | ulauncher.ui.windows.UlauncherWindow: show_results() | render 8 results
2022-09-25 14:05:09,481 | DEBUG | ulauncher.ui.windows.UlauncherWindow: show_results() | render 2 results
2022-09-25 18:59:36,169 | INFO | ulauncher.search.apps.app_watcher: _remove_file() | App was removed (/usr/share/applications/org.gnome.Evince.desktop)
2022-09-25 18:59:36,170 | INFO | ulauncher.search.apps.app_watcher: _remove_file() | App was removed (/usr/share/applications/org.gnome.Evince-previewer.desktop)
2022-09-25 18:59:41,996 | WARNING | ulauncher.search.apps.app_watcher: _add_file_sync() | Cannot add /usr/share/applications/org.gnome.Evince-previewer.desktop to DB -> /usr/share/applications/org.gnome.Evince-previewer.desktop
2022-09-25 18:59:41,997 | INFO | ulauncher.search.apps.app_watcher: _add_file_sync() | New app was added "Document Viewer" (/usr/share/applications/org.gnome.Evince.desktop)
2022-09-25 18:59:44,002 | WARNING | ulauncher.search.apps.app_watcher: _add_file_sync() | Cannot add /usr/share/applications/org.gnome.Evince-previewer.desktop to DB -> /usr/share/applications/org.gnome.Evince-previewer.desktop
2022-09-25 18:59:46,007 | WARNING | ulauncher.search.apps.app_watcher: _add_file_sync() | Cannot add /usr/share/applications/org.gnome.Evince-previewer.desktop to DB -> /usr/share/applications/org.gnome.Evince-previewer.desktop
2022-09-25 18:59:48,012 | WARNING | ulauncher.search.apps.app_watcher: _add_file_sync() | Cannot add /usr/share/applications/org.gnome.Evince-previewer.desktop to DB -> /usr/share/applications/org.gnome.Evince-previewer.desktop
2022-09-25 18:59:50,017 | WARNING | ulauncher.search.apps.app_watcher: _add_file_sync() | Cannot add /usr/share/applications/org.gnome.Evince-previewer.desktop to DB -> /usr/share/applications/org.gnome.Evince-previewer.desktop
2022-09-25 18:59:52,022 | WARNING | ulauncher.search.apps.app_watcher: _add_file_sync() | Cannot add /usr/share/applications/org.gnome.Evince-previewer.desktop to DB -> /usr/share/applications/org.gnome.Evince-previewer.desktop
2022-09-25 18:59:54,024 | WARNING | ulauncher.search.apps.app_watcher: _add_file_sync() | Cannot add /usr/share/applications/org.gnome.Evince-previewer.desktop to DB -> /usr/share/applications/org.gnome.Evince-previewer.desktop
2022-09-25 18:59:56,029 | WARNING | ulauncher.search.apps.app_watcher: _add_file_sync() | Cannot add /usr/share/applications/org.gnome.Evince-previewer.desktop to DB -> /usr/share/applications/org.gnome.Evince-previewer.desktop
2022-09-25 18:59:58,031 | WARNING | ulauncher.search.apps.app_watcher: _add_file_sync() | Cannot add /usr/share/applications/org.gnome.Evince-previewer.desktop to DB -> /usr/share/applications/org.gnome.Evince-previewer.desktop
2022-09-25 19:00:00,034 | WARNING | ulauncher.search.apps.app_watcher: _add_file_sync() | Cannot add /usr/share/applications/org.gnome.Evince-previewer.desktop to DB -> /usr/share/applications/org.gnome.Evince-previewer.desktop
2022-09-25 19:00:02,038 | WARNING | ulauncher.search.apps.app_watcher: _add_file_sync() | Cannot add /usr/share/applications/org.gnome.Evince-previewer.desktop to DB -> /usr/share/applications/org.gnome.Evince-previewer.desktop
2022-09-25 19:00:04,043 | WARNING | ulauncher.search.apps.app_watcher: _add_file_sync() | Cannot add /usr/share/applications/org.gnome.Evince-previewer.desktop to DB -> /usr/share/applications/org.gnome.Evince-previewer.desktop
2022-09-25 19:00:06,049 | WARNING | ulauncher.search.apps.app_watcher: _add_file_sync() | Cannot add /usr/share/applications/org.gnome.Evince-previewer.desktop to DB -> /usr/share/applications/org.gnome.Evince-previewer.desktop
2022-09-25 19:00:08,053 | WARNING | ulauncher.search.apps.app_watcher: _add_file_sync() | Cannot add /usr/share/applications/org.gnome.Evince-previewer.desktop to DB -> /usr/share/applications/org.gnome.Evince-previewer.desktop
2022-09-25 19:00:18,163 | INFO | ulauncher.search.apps.app_watcher: _remove_file() | App was removed (/usr/share/applications/info.febvre.Komikku.desktop)
2022-09-25 19:01:54,179 | DEBUG | ulauncher.utils.display: get_screens() | Found 1 monitor(s)
2022-09-25 19:01:54,179 | DEBUG | ulauncher.utils.display: get_screens() |   Monitor 0 - X: 0, Y: 0, W: 1366, H: 768
2022-09-25 19:01:54,184 | DEBUG | ulauncher.ui.windows.UlauncherWindow: show_results() | render 2 results
2022-09-25 19:01:54,556 | DEBUG | ulauncher.ui.windows.UlauncherWindow: show_results() | render 4 results
2022-09-25 19:01:54,595 | DEBUG | ulauncher.ui.windows.UlauncherWindow: show_results() | render 5 results
2022-09-25 19:01:54,779 | DEBUG | ulauncher.ui.windows.UlauncherWindow: show_results() | render 1 results
2022-09-25 19:01:54,908 | DEBUG | ulauncher.ui.windows.UlauncherWindow: show_results() | render 1 results
2022-09-25 19:01:55,024 | DEBUG | ulauncher.ui.windows.UlauncherWindow: show_results() | render 1 results
2022-09-25 19:01:55,218 | DEBUG | ulauncher.ui.windows.UlauncherWindow: show_results() | render 1 results
2022-09-25 19:01:56,162 | DEBUG | ulauncher.ui.windows.UlauncherWindow: show_results() | render 1 results
2022-09-25 19:01:56,661 | DEBUG | ulauncher.ui.windows.UlauncherWindow: show_results() | render 3 results
2022-09-25 19:01:56,813 | DEBUG | ulauncher.ui.windows.UlauncherWindow: show_results() | render 3 results
2022-09-25 19:01:56,952 | DEBUG | ulauncher.ui.windows.UlauncherWindow: show_results() | render 3 results
2022-09-25 19:01:57,544 | DEBUG | ulauncher.ui.windows.UlauncherWindow: show_results() | render 3 results
2022-09-25 19:01:58,031 | DEBUG | ulauncher.ui.windows.UlauncherWindow: show_results() | render 3 results
2022-09-25 19:01:58,530 | DEBUG | ulauncher.ui.windows.UlauncherWindow: show_results() | render 3 results
2022-09-25 19:01:58,550 | DEBUG | ulauncher.ui.windows.UlauncherWindow: show_results() | render 3 results
2022-09-25 19:01:58,577 | DEBUG | ulauncher.ui.windows.UlauncherWindow: show_results() | render 1 results
2022-09-25 19:01:58,606 | DEBUG | ulauncher.ui.windows.UlauncherWindow: show_results() | render 1 results
2022-09-25 19:01:58,644 | DEBUG | ulauncher.ui.windows.UlauncherWindow: show_results() | render 1 results
2022-09-25 19:01:58,675 | DEBUG | ulauncher.ui.windows.UlauncherWindow: show_results() | render 1 results
2022-09-25 19:01:58,706 | DEBUG | ulauncher.ui.windows.UlauncherWindow: show_results() | render 1 results
2022-09-25 19:01:58,743 | DEBUG | ulauncher.ui.windows.UlauncherWindow: show_results() | render 5 results
2022-09-25 19:01:58,764 | DEBUG | ulauncher.ui.windows.UlauncherWindow: show_results() | render 4 results
2022-09-25 19:01:58,794 | DEBUG | ulauncher.ui.windows.UlauncherWindow: show_results() | render 2 results
2022-09-25 19:02:00,468 | DEBUG | ulauncher.ui.windows.UlauncherWindow: show_results() | render 9 results
2022-09-25 19:02:00,589 | DEBUG | ulauncher.ui.windows.UlauncherWindow: show_results() | render 3 results
2022-09-25 19:02:00,729 | DEBUG | ulauncher.ui.windows.UlauncherWindow: show_results() | render 3 results
2022-09-25 19:02:00,912 | DEBUG | ulauncher.ui.windows.UlauncherWindow: show_results() | render 3 results
2022-09-25 19:02:01,085 | DEBUG | ulauncher.ui.windows.UlauncherWindow: show_results() | render 3 results
2022-09-25 19:02:02,257 | DEBUG | ulauncher.ui.windows.UlauncherWindow: show_results() | render 3 results
2022-09-25 19:02:02,759 | DEBUG | ulauncher.ui.windows.UlauncherWindow: show_results() | render 3 results
2022-09-25 19:02:02,790 | DEBUG | ulauncher.ui.windows.UlauncherWindow: show_results() | render 3 results
2022-09-25 19:02:02,830 | DEBUG | ulauncher.ui.windows.UlauncherWindow: show_results() | render 9 results
2022-09-25 19:02:02,844 | DEBUG | ulauncher.ui.windows.UlauncherWindow: show_results() | render 2 results
2022-09-25 19:02:03,056 | DEBUG | ulauncher.ui.windows.UlauncherWindow: show_results() | render 4 results
2022-09-25 19:02:03,477 | DEBUG | ulauncher.ui.windows.UlauncherWindow: show_results() | render 4 results
2022-09-25 19:02:03,752 | DEBUG | ulauncher.ui.windows.UlauncherWindow: show_results() | render 3 results
2022-09-25 19:02:03,872 | DEBUG | ulauncher.ui.windows.UlauncherWindow: show_results() | render 3 results
2022-09-25 19:02:04,352 | DEBUG | ulauncher.ui.windows.UlauncherWindow: show_results() | render 3 results
2022-09-25 20:44:48,914 | INFO | ulauncher.search.apps.app_watcher: _remove_file() | App was removed (/usr/share/applications/org.gnome.Terminal.desktop)
2022-09-26 12:23:54,796 | INFO | ulauncher.search.apps.app_watcher: _add_file_sync() | New app was added "SoundCloud" (/usr/share/applications/soundcloud-nativefier.desktop)
2022-09-26 12:26:04,909 | INFO | ulauncher.search.apps.app_watcher: _remove_file() | App was removed (/usr/share/applications/soundcloud-nativefier.desktop)
2022-09-26 15:36:37,478 | WARNING | ulauncher.search.apps.app_watcher: _add_file_sync() | Cannot add /home/shasherazi/.local/share/applications/org.gnome.Shell.Extensions.GSConnect.desktop to DB -> /home/shasherazi/.local/share/applications/org.gnome.Shell.Extensions.GSConnect.desktop
2022-09-26 15:36:37,483 | WARNING | ulauncher.search.apps.app_watcher: _add_file_sync() | Cannot add /home/shasherazi/.local/share/applications/org.gnome.Shell.Extensions.GSConnect.Preferences.desktop to DB -> /home/shasherazi/.local/share/applications/org.gnome.Shell.Extensions.GSConnect.Preferences.desktop
2022-09-26 15:36:39,486 | WARNING | ulauncher.search.apps.app_watcher: _add_file_sync() | Cannot add /home/shasherazi/.local/share/applications/org.gnome.Shell.Extensions.GSConnect.desktop to DB -> /home/shasherazi/.local/share/applications/org.gnome.Shell.Extensions.GSConnect.desktop
2022-09-26 15:36:39,487 | WARNING | ulauncher.search.apps.app_watcher: _add_file_sync() | Cannot add /home/shasherazi/.local/share/applications/org.gnome.Shell.Extensions.GSConnect.Preferences.desktop to DB -> /home/shasherazi/.local/share/applications/org.gnome.Shell.Extensions.GSConnect.Preferences.desktop
2022-09-26 15:36:41,489 | WARNING | ulauncher.search.apps.app_watcher: _add_file_sync() | Cannot add /home/shasherazi/.local/share/applications/org.gnome.Shell.Extensions.GSConnect.desktop to DB -> /home/shasherazi/.local/share/applications/org.gnome.Shell.Extensions.GSConnect.desktop
2022-09-26 15:36:41,490 | WARNING | ulauncher.search.apps.app_watcher: _add_file_sync() | Cannot add /home/shasherazi/.local/share/applications/org.gnome.Shell.Extensions.GSConnect.Preferences.desktop to DB -> /home/shasherazi/.local/share/applications/org.gnome.Shell.Extensions.GSConnect.Preferences.desktop
2022-09-26 15:36:43,494 | WARNING | ulauncher.search.apps.app_watcher: _add_file_sync() | Cannot add /home/shasherazi/.local/share/applications/org.gnome.Shell.Extensions.GSConnect.desktop to DB -> /home/shasherazi/.local/share/applications/org.gnome.Shell.Extensions.GSConnect.desktop
2022-09-26 15:36:43,496 | WARNING | ulauncher.search.apps.app_watcher: _add_file_sync() | Cannot add /home/shasherazi/.local/share/applications/org.gnome.Shell.Extensions.GSConnect.Preferences.desktop to DB -> /home/shasherazi/.local/share/applications/org.gnome.Shell.Extensions.GSConnect.Preferences.desktop
2022-09-26 15:36:45,500 | WARNING | ulauncher.search.apps.app_watcher: _add_file_sync() | Cannot add /home/shasherazi/.local/share/applications/org.gnome.Shell.Extensions.GSConnect.desktop to DB -> /home/shasherazi/.local/share/applications/org.gnome.Shell.Extensions.GSConnect.desktop
2022-09-26 15:36:45,503 | WARNING | ulauncher.search.apps.app_watcher: _add_file_sync() | Cannot add /home/shasherazi/.local/share/applications/org.gnome.Shell.Extensions.GSConnect.Preferences.desktop to DB -> /home/shasherazi/.local/share/applications/org.gnome.Shell.Extensions.GSConnect.Preferences.desktop
2022-09-26 15:36:47,506 | WARNING | ulauncher.search.apps.app_watcher: _add_file_sync() | Cannot add /home/shasherazi/.local/share/applications/org.gnome.Shell.Extensions.GSConnect.desktop to DB -> /home/shasherazi/.local/share/applications/org.gnome.Shell.Extensions.GSConnect.desktop
2022-09-26 15:36:47,507 | WARNING | ulauncher.search.apps.app_watcher: _add_file_sync() | Cannot add /home/shasherazi/.local/share/applications/org.gnome.Shell.Extensions.GSConnect.Preferences.desktop to DB -> /home/shasherazi/.local/share/applications/org.gnome.Shell.Extensions.GSConnect.Preferences.desktop
2022-09-26 15:36:49,510 | WARNING | ulauncher.search.apps.app_watcher: _add_file_sync() | Cannot add /home/shasherazi/.local/share/applications/org.gnome.Shell.Extensions.GSConnect.desktop to DB -> /home/shasherazi/.local/share/applications/org.gnome.Shell.Extensions.GSConnect.desktop
2022-09-26 15:36:49,512 | WARNING | ulauncher.search.apps.app_watcher: _add_file_sync() | Cannot add /home/shasherazi/.local/share/applications/org.gnome.Shell.Extensions.GSConnect.Preferences.desktop to DB -> /home/shasherazi/.local/share/applications/org.gnome.Shell.Extensions.GSConnect.Preferences.desktop
2022-09-26 15:36:51,517 | WARNING | ulauncher.search.apps.app_watcher: _add_file_sync() | Cannot add /home/shasherazi/.local/share/applications/org.gnome.Shell.Extensions.GSConnect.desktop to DB -> /home/shasherazi/.local/share/applications/org.gnome.Shell.Extensions.GSConnect.desktop
2022-09-26 15:36:51,519 | WARNING | ulauncher.search.apps.app_watcher: _add_file_sync() | Cannot add /home/shasherazi/.local/share/applications/org.gnome.Shell.Extensions.GSConnect.Preferences.desktop to DB -> /home/shasherazi/.local/share/applications/org.gnome.Shell.Extensions.GSConnect.Preferences.desktop
2022-09-26 15:36:53,522 | WARNING | ulauncher.search.apps.app_watcher: _add_file_sync() | Cannot add /home/shasherazi/.local/share/applications/org.gnome.Shell.Extensions.GSConnect.desktop to DB -> /home/shasherazi/.local/share/applications/org.gnome.Shell.Extensions.GSConnect.desktop
2022-09-26 15:36:53,524 | WARNING | ulauncher.search.apps.app_watcher: _add_file_sync() | Cannot add /home/shasherazi/.local/share/applications/org.gnome.Shell.Extensions.GSConnect.Preferences.desktop to DB -> /home/shasherazi/.local/share/applications/org.gnome.Shell.Extensions.GSConnect.Preferences.desktop
2022-09-26 15:36:55,527 | WARNING | ulauncher.search.apps.app_watcher: _add_file_sync() | Cannot add /home/shasherazi/.local/share/applications/org.gnome.Shell.Extensions.GSConnect.desktop to DB -> /home/shasherazi/.local/share/applications/org.gnome.Shell.Extensions.GSConnect.desktop
2022-09-26 15:36:55,529 | WARNING | ulauncher.search.apps.app_watcher: _add_file_sync() | Cannot add /home/shasherazi/.local/share/applications/org.gnome.Shell.Extensions.GSConnect.Preferences.desktop to DB -> /home/shasherazi/.local/share/applications/org.gnome.Shell.Extensions.GSConnect.Preferences.desktop
2022-09-26 15:36:57,533 | WARNING | ulauncher.search.apps.app_watcher: _add_file_sync() | Cannot add /home/shasherazi/.local/share/applications/org.gnome.Shell.Extensions.GSConnect.desktop to DB -> /home/shasherazi/.local/share/applications/org.gnome.Shell.Extensions.GSConnect.desktop
2022-09-26 15:36:57,536 | WARNING | ulauncher.search.apps.app_watcher: _add_file_sync() | Cannot add /home/shasherazi/.local/share/applications/org.gnome.Shell.Extensions.GSConnect.Preferences.desktop to DB -> /home/shasherazi/.local/share/applications/org.gnome.Shell.Extensions.GSConnect.Preferences.desktop
2022-09-26 15:36:59,540 | WARNING | ulauncher.search.apps.app_watcher: _add_file_sync() | Cannot add /home/shasherazi/.local/share/applications/org.gnome.Shell.Extensions.GSConnect.desktop to DB -> /home/shasherazi/.local/share/applications/org.gnome.Shell.Extensions.GSConnect.desktop
2022-09-26 15:36:59,543 | WARNING | ulauncher.search.apps.app_watcher: _add_file_sync() | Cannot add /home/shasherazi/.local/share/applications/org.gnome.Shell.Extensions.GSConnect.Preferences.desktop to DB -> /home/shasherazi/.local/share/applications/org.gnome.Shell.Extensions.GSConnect.Preferences.desktop
2022-09-26 15:37:01,545 | WARNING | ulauncher.search.apps.app_watcher: _add_file_sync() | Cannot add /home/shasherazi/.local/share/applications/org.gnome.Shell.Extensions.GSConnect.desktop to DB -> /home/shasherazi/.local/share/applications/org.gnome.Shell.Extensions.GSConnect.desktop
2022-09-26 15:37:01,546 | WARNING | ulauncher.search.apps.app_watcher: _add_file_sync() | Cannot add /home/shasherazi/.local/share/applications/org.gnome.Shell.Extensions.GSConnect.Preferences.desktop to DB -> /home/shasherazi/.local/share/applications/org.gnome.Shell.Extensions.GSConnect.Preferences.desktop
2022-09-26 15:37:03,551 | WARNING | ulauncher.search.apps.app_watcher: _add_file_sync() | Cannot add /home/shasherazi/.local/share/applications/org.gnome.Shell.Extensions.GSConnect.desktop to DB -> /home/shasherazi/.local/share/applications/org.gnome.Shell.Extensions.GSConnect.desktop
2022-09-26 15:37:03,553 | WARNING | ulauncher.search.apps.app_watcher: _add_file_sync() | Cannot add /home/shasherazi/.local/share/applications/org.gnome.Shell.Extensions.GSConnect.Preferences.desktop to DB -> /home/shasherazi/.local/share/applications/org.gnome.Shell.Extensions.GSConnect.Preferences.desktop
2022-09-26 15:51:28,244 | WARNING | ulauncher.search.apps.app_watcher: _add_file_sync() | Cannot add /home/shasherazi/.local/share/applications/org.gnome.Shell.Extensions.GSConnect.desktop to DB -> /home/shasherazi/.local/share/applications/org.gnome.Shell.Extensions.GSConnect.desktop
2022-09-26 15:51:28,247 | WARNING | ulauncher.search.apps.app_watcher: _add_file_sync() | Cannot add /home/shasherazi/.local/share/applications/org.gnome.Shell.Extensions.GSConnect.Preferences.desktop to DB -> /home/shasherazi/.local/share/applications/org.gnome.Shell.Extensions.GSConnect.Preferences.desktop
2022-09-26 15:51:30,252 | WARNING | ulauncher.search.apps.app_watcher: _add_file_sync() | Cannot add /home/shasherazi/.local/share/applications/org.gnome.Shell.Extensions.GSConnect.desktop to DB -> /home/shasherazi/.local/share/applications/org.gnome.Shell.Extensions.GSConnect.desktop
2022-09-26 15:51:30,254 | WARNING | ulauncher.search.apps.app_watcher: _add_file_sync() | Cannot add /home/shasherazi/.local/share/applications/org.gnome.Shell.Extensions.GSConnect.Preferences.desktop to DB -> /home/shasherazi/.local/share/applications/org.gnome.Shell.Extensions.GSConnect.Preferences.desktop
2022-09-26 15:51:32,256 | WARNING | ulauncher.search.apps.app_watcher: _add_file_sync() | Cannot add /home/shasherazi/.local/share/applications/org.gnome.Shell.Extensions.GSConnect.desktop to DB -> /home/shasherazi/.local/share/applications/org.gnome.Shell.Extensions.GSConnect.desktop
2022-09-26 15:51:32,259 | WARNING | ulauncher.search.apps.app_watcher: _add_file_sync() | Cannot add /home/shasherazi/.local/share/applications/org.gnome.Shell.Extensions.GSConnect.Preferences.desktop to DB -> /home/shasherazi/.local/share/applications/org.gnome.Shell.Extensions.GSConnect.Preferences.desktop
2022-09-26 15:51:34,264 | WARNING | ulauncher.search.apps.app_watcher: _add_file_sync() | Cannot add /home/shasherazi/.local/share/applications/org.gnome.Shell.Extensions.GSConnect.desktop to DB -> /home/shasherazi/.local/share/applications/org.gnome.Shell.Extensions.GSConnect.desktop
2022-09-26 15:51:34,267 | WARNING | ulauncher.search.apps.app_watcher: _add_file_sync() | Cannot add /home/shasherazi/.local/share/applications/org.gnome.Shell.Extensions.GSConnect.Preferences.desktop to DB -> /home/shasherazi/.local/share/applications/org.gnome.Shell.Extensions.GSConnect.Preferences.desktop
2022-09-26 15:51:36,269 | WARNING | ulauncher.search.apps.app_watcher: _add_file_sync() | Cannot add /home/shasherazi/.local/share/applications/org.gnome.Shell.Extensions.GSConnect.desktop to DB -> /home/shasherazi/.local/share/applications/org.gnome.Shell.Extensions.GSConnect.desktop
2022-09-26 15:51:36,269 | WARNING | ulauncher.search.apps.app_watcher: _add_file_sync() | Cannot add /home/shasherazi/.local/share/applications/org.gnome.Shell.Extensions.GSConnect.Preferences.desktop to DB -> /home/shasherazi/.local/share/applications/org.gnome.Shell.Extensions.GSConnect.Preferences.desktop
2022-09-26 15:51:38,274 | WARNING | ulauncher.search.apps.app_watcher: _add_file_sync() | Cannot add /home/shasherazi/.local/share/applications/org.gnome.Shell.Extensions.GSConnect.desktop to DB -> /home/shasherazi/.local/share/applications/org.gnome.Shell.Extensions.GSConnect.desktop
2022-09-26 15:51:38,276 | WARNING | ulauncher.search.apps.app_watcher: _add_file_sync() | Cannot add /home/shasherazi/.local/share/applications/org.gnome.Shell.Extensions.GSConnect.Preferences.desktop to DB -> /home/shasherazi/.local/share/applications/org.gnome.Shell.Extensions.GSConnect.Preferences.desktop
2022-09-26 15:51:40,281 | WARNING | ulauncher.search.apps.app_watcher: _add_file_sync() | Cannot add /home/shasherazi/.local/share/applications/org.gnome.Shell.Extensions.GSConnect.desktop to DB -> /home/shasherazi/.local/share/applications/org.gnome.Shell.Extensions.GSConnect.desktop
2022-09-26 15:51:40,285 | WARNING | ulauncher.search.apps.app_watcher: _add_file_sync() | Cannot add /home/shasherazi/.local/share/applications/org.gnome.Shell.Extensions.GSConnect.Preferences.desktop to DB -> /home/shasherazi/.local/share/applications/org.gnome.Shell.Extensions.GSConnect.Preferences.desktop
2022-09-26 15:51:42,290 | WARNING | ulauncher.search.apps.app_watcher: _add_file_sync() | Cannot add /home/shasherazi/.local/share/applications/org.gnome.Shell.Extensions.GSConnect.desktop to DB -> /home/shasherazi/.local/share/applications/org.gnome.Shell.Extensions.GSConnect.desktop
2022-09-26 15:51:42,292 | WARNING | ulauncher.search.apps.app_watcher: _add_file_sync() | Cannot add /home/shasherazi/.local/share/applications/org.gnome.Shell.Extensions.GSConnect.Preferences.desktop to DB -> /home/shasherazi/.local/share/applications/org.gnome.Shell.Extensions.GSConnect.Preferences.desktop
2022-09-26 15:51:44,296 | WARNING | ulauncher.search.apps.app_watcher: _add_file_sync() | Cannot add /home/shasherazi/.local/share/applications/org.gnome.Shell.Extensions.GSConnect.desktop to DB -> /home/shasherazi/.local/share/applications/org.gnome.Shell.Extensions.GSConnect.desktop
2022-09-26 15:51:44,298 | WARNING | ulauncher.search.apps.app_watcher: _add_file_sync() | Cannot add /home/shasherazi/.local/share/applications/org.gnome.Shell.Extensions.GSConnect.Preferences.desktop to DB -> /home/shasherazi/.local/share/applications/org.gnome.Shell.Extensions.GSConnect.Preferences.desktop
2022-09-26 15:51:46,303 | WARNING | ulauncher.search.apps.app_watcher: _add_file_sync() | Cannot add /home/shasherazi/.local/share/applications/org.gnome.Shell.Extensions.GSConnect.desktop to DB -> /home/shasherazi/.local/share/applications/org.gnome.Shell.Extensions.GSConnect.desktop
2022-09-26 15:51:46,305 | WARNING | ulauncher.search.apps.app_watcher: _add_file_sync() | Cannot add /home/shasherazi/.local/share/applications/org.gnome.Shell.Extensions.GSConnect.Preferences.desktop to DB -> /home/shasherazi/.local/share/applications/org.gnome.Shell.Extensions.GSConnect.Preferences.desktop
2022-09-26 15:51:48,310 | WARNING | ulauncher.search.apps.app_watcher: _add_file_sync() | Cannot add /home/shasherazi/.local/share/applications/org.gnome.Shell.Extensions.GSConnect.desktop to DB -> /home/shasherazi/.local/share/applications/org.gnome.Shell.Extensions.GSConnect.desktop
2022-09-26 15:51:48,313 | WARNING | ulauncher.search.apps.app_watcher: _add_file_sync() | Cannot add /home/shasherazi/.local/share/applications/org.gnome.Shell.Extensions.GSConnect.Preferences.desktop to DB -> /home/shasherazi/.local/share/applications/org.gnome.Shell.Extensions.GSConnect.Preferences.desktop
2022-09-26 15:51:50,317 | WARNING | ulauncher.search.apps.app_watcher: _add_file_sync() | Cannot add /home/shasherazi/.local/share/applications/org.gnome.Shell.Extensions.GSConnect.desktop to DB -> /home/shasherazi/.local/share/applications/org.gnome.Shell.Extensions.GSConnect.desktop
2022-09-26 15:51:50,321 | WARNING | ulauncher.search.apps.app_watcher: _add_file_sync() | Cannot add /home/shasherazi/.local/share/applications/org.gnome.Shell.Extensions.GSConnect.Preferences.desktop to DB -> /home/shasherazi/.local/share/applications/org.gnome.Shell.Extensions.GSConnect.Preferences.desktop
2022-09-26 15:51:52,326 | WARNING | ulauncher.search.apps.app_watcher: _add_file_sync() | Cannot add /home/shasherazi/.local/share/applications/org.gnome.Shell.Extensions.GSConnect.desktop to DB -> /home/shasherazi/.local/share/applications/org.gnome.Shell.Extensions.GSConnect.desktop
2022-09-26 15:51:52,329 | WARNING | ulauncher.search.apps.app_watcher: _add_file_sync() | Cannot add /home/shasherazi/.local/share/applications/org.gnome.Shell.Extensions.GSConnect.Preferences.desktop to DB -> /home/shasherazi/.local/share/applications/org.gnome.Shell.Extensions.GSConnect.Preferences.desktop
